  GEN     /home/nik-kst/Android/lge/lgh522y/out/Makefile
  CHK     include/generated/uapi/linux/version.h
  Using /home/nik-kst/Android/lge/lgh522y as source for kernel
  CHK     include/generated/utsrelease.h
make[2]: «include/generated/mach-types.h» не требует обновления.
  CC      scripts/mod/devicetable-offsets.s
  CALL    /home/nik-kst/Android/lge/lgh522y/scripts/checksyscalls.sh
  GEN     scripts/mod/devicetable-offsets.h
  HOSTCC  scripts/mod/file2alias.o
  HOSTLD  scripts/mod/modpost
  CHK     include/generated/compile.h
  COPY    firmware/synaptics/c90/PLG465-V1.11-PR1815155-DS5.2.12.0.13-4005018B.img
  AS      firmware/synaptics/c90/PLG465-V1.11-PR1815155-DS5.2.12.0.13-4005018B.img.gen.o
  LD      firmware/built-in.o
  CC      drivers/of/base.o
  CC      drivers/misc/mediatek/aee/ipanic/ipanic_rom.o
  LD      drivers/platform/built-in.o
  LD      drivers/pinctrl/built-in.o
  LD      drivers/pwm/built-in.o
  CC      drivers/power/power_supply_core.o
  CC      drivers/rtc/rtc-lib.o
  CC      drivers/rtc/hctosys.o
  CC      drivers/of/fdt.o
  CC      drivers/power/power_supply_sysfs.o
  CC      drivers/misc/mediatek/aee/ipanic/ipanic_emmc.o
  CC      drivers/of/address.o
  CC      drivers/rtc/class.o
  CC      drivers/power/power_supply_leds.o
  LD      drivers/misc/mediatek/aee/ipanic/ipanic.o
  LD      drivers/misc/mediatek/aee/ipanic/built-in.o
  LD      drivers/misc/mediatek/aee/built-in.o
  CC      drivers/rtc/interface.o
  CC      drivers/misc/mediatek/auxadc/mt_auxadc.o
  CC      drivers/power/mediatek/battery_meter.o
  CC      drivers/of/irq.o
  CC      drivers/misc/mediatek/auxadc/mt6752/mt_auxadc_hal.o
  LD      drivers/misc/mediatek/auxadc/mt6752/built-in.o
  CC      drivers/rtc/rtc-dev.o
  CC      drivers/rtc/rtc-proc.o
  CC      drivers/of/device.o
  LD      drivers/misc/mediatek/auxadc/built-in.o
  CC      drivers/misc/mediatek/boot/mt_boot_common.o
  CC      drivers/misc/mediatek/boot_reason/mt_boot_reason.o
  CC      drivers/of/platform.o
  CC      drivers/rtc/rtc-sysfs.o
  LD      drivers/misc/mediatek/boot_reason/BOOT_REASON.o
  CC      drivers/misc/mediatek/boot/mt6752/mt_boot.o
  LD      drivers/misc/mediatek/boot_reason/built-in.o
  CC      drivers/of/of_i2c.o
  LD      drivers/rtc/rtc-core.o
  LD      drivers/rtc/built-in.o
  CC      drivers/spi/spi.o
  CC      drivers/scsi/scsi.o
  CC      drivers/of/of_net.o
  CC      drivers/power/mediatek/battery_common.o
  LD      drivers/misc/mediatek/boot/mt6752/BOOT.o
  LD      drivers/misc/mediatek/boot/mt6752/built-in.o
  LD      drivers/misc/mediatek/boot/BOOT_COMMON.o
  LD      drivers/misc/mediatek/boot/built-in.o
  CC      drivers/misc/mediatek/btcvsd/mt6752/AudDrv_BTCVSD.o
  CC      drivers/of/of_mtd.o
  LD      drivers/spi/built-in.o
  CC      drivers/of/of_reserved_mem.o
  CC      drivers/staging/staging.o
  LD      drivers/misc/mediatek/btcvsd/mt6752/built-in.o
  CC      drivers/staging/android/ion/ion.o
  LD      drivers/misc/mediatek/btcvsd/built-in.o
  CC      drivers/misc/mediatek/btif/mtk_btif.o
  CC      drivers/scsi/hosts.o
  LD      drivers/of/built-in.o
  CC      drivers/staging/android/ion/ion_heap.o
  LD      drivers/power/reset/built-in.o
  CC      drivers/scsi/scsi_ioctl.o
  LD      drivers/power/power_supply.o
  CC      drivers/scsi/constants.o
  CC      drivers/power/mediatek/lge_pm_charging.o
  CC      drivers/staging/android/ion/ion_page_pool.o
  LD      drivers/power/mediatek/built-in.o
  LD      drivers/power/built-in.o
  CC      drivers/switch/switch_class.o
  CC      drivers/staging/android/ion/ion_system_heap.o
  CC      drivers/scsi/scsicam.o
  CC      drivers/scsi/scsi_error.o
  LD      drivers/switch/built-in.o
  CC      drivers/thermal/thermal_core.o
  CC      drivers/misc/mediatek/btif/mtk_btif_exp.o
  CC      drivers/staging/android/ion/ion_carveout_heap.o
  CC      drivers/misc/mediatek/btif/mt6752/hal_btif.o
  CC      drivers/staging/android/ion/ion_chunk_heap.o
  CC      drivers/misc/mediatek/btif/mt6752/hal_btif_dma.o
  CC      drivers/staging/android/ion/ion_cma_heap.o
  CC      drivers/scsi/scsi_lib.o
  CC      drivers/staging/android/ion/ion_debug.o
  CC      drivers/thermal/backward_compatible.o
  LD      drivers/thermal/thermal_sys.o
  LD      drivers/thermal/built-in.o
  CC      drivers/staging/android/ion/ion_profile.o
  CC      drivers/staging/android/ion/mtk/ion_drv.o
  CC      drivers/tty/tty_io.o
  LD      drivers/misc/mediatek/btif/mt6752/btif_hal.o
  LD      drivers/misc/mediatek/btif/mt6752/built-in.o
  LD      drivers/misc/mediatek/btif/btif.o
  LD      drivers/misc/mediatek/btif/built-in.o
  CC      drivers/misc/mediatek/ccci_util/ccci_util_lib_fo.o
  CC      drivers/scsi/scsi_lib_dma.o
  CC      drivers/misc/mediatek/ccci_util/ccci_util_lib_load_img.o
  CC      drivers/staging/android/ion/mtk/ion_mm_heap.o
  CC      drivers/scsi/scsi_scan.o
  CC      drivers/scsi/scsi_sysfs.o
  CC      drivers/misc/mediatek/ccci_util/ccci_util_lib_sys.o
  LD      drivers/staging/android/ion/mtk/built-in.o
  LD      drivers/staging/android/ion/built-in.o
  CC      drivers/staging/android/binder.o
  CC      drivers/tty/n_tty.o
  CC      drivers/misc/mediatek/ccci_util/ccci_private_log.o
  CC      drivers/misc/mediatek/ccci_util/ccci_util_lib_main.o
  CC      drivers/scsi/scsi_devinfo.o
  CC      drivers/scsi/scsi_sysctl.o
  CC      drivers/misc/mediatek/ccci_util/mt6752/ccci_off.o
  CC      drivers/scsi/scsi_proc.o
  LD      drivers/misc/mediatek/ccci_util/mt6752/built-in.o
  CC      drivers/misc/mediatek/ccci_util/ccci_util_dummy.o
  CC      drivers/scsi/scsi_trace.o
  CC      drivers/tty/tty_ioctl.o
  LD      drivers/misc/mediatek/ccci_util/ccci_util_lib.o
  LD      drivers/misc/mediatek/ccci_util/built-in.o
  CC      drivers/misc/mediatek/chargepump/chargepump_dummy.o
  CC      drivers/misc/mediatek/chargepump/lm3639/lm3639_driver.o
  CC      drivers/staging/android/ashmem.o
  CC      drivers/scsi/scsi_pm.o
  CC      drivers/tty/tty_ldisc.o
  LD      drivers/misc/mediatek/chargepump/lm3639/built-in.o
  LD      drivers/misc/mediatek/chargepump/built-in.o
  CC      drivers/scsi/sd.o
  CC      drivers/misc/mediatek/chip/mt_chip_common.o
  CC      drivers/misc/mediatek/cirq/mt6752/mt_cirq.o
  CC      drivers/tty/tty_buffer.o
  CC      drivers/misc/mediatek/chip/mt6752/mt_chip.o
  LD      drivers/misc/mediatek/cirq/mt6752/built-in.o
  LD      drivers/misc/mediatek/cirq/built-in.o
  CC      drivers/tty/tty_port.o
  LD      drivers/staging/media/built-in.o
  LD      drivers/misc/mediatek/chip/mt6752/CHIP.o
  LD      drivers/misc/mediatek/chip/mt6752/built-in.o
  CC      drivers/misc/mediatek/cmdq/cmdq_record.o
  LD      drivers/misc/mediatek/chip/CHIP_COMMON.o
  LD      drivers/misc/mediatek/chip/built-in.o
  CC      drivers/misc/mediatek/conn_md/conn_md.o
  CC      drivers/tty/tty_mutex.o
  CC      drivers/tty/tty_ldsem.o
  LD      drivers/scsi/arm/built-in.o
  LD      drivers/scsi/sd_mod.o
  CC      drivers/misc/mediatek/cmdq/cmdq_core.o
  LD      drivers/scsi/scsi_mod.o
  CC      drivers/staging/android/logger.o
  LD      drivers/scsi/built-in.o
  CC      drivers/usb/class/cdc-acm.o
  CC      drivers/misc/mediatek/conn_md/conn_md_exp.o
  CC      drivers/tty/pty.o
  CC      drivers/misc/mediatek/conn_md/conn_md_log.o
  CC      drivers/tty/tty_audit.o
  CC      drivers/staging/android/timed_output.o
  CC      drivers/staging/android/lowmemorykiller.o
  CC      drivers/misc/mediatek/conn_md/conn_md_dump.o
  CC      drivers/tty/sysrq.o
  CC      drivers/usb/class/usblp.o
  CC      drivers/staging/android/alarm-dev.o
  CC      drivers/misc/mediatek/conn_md/conn_md_dbg.o
  LD      drivers/tty/ipwireless/built-in.o
  CC      drivers/tty/serial/serial_core.o
  LD      drivers/usb/class/built-in.o
  CC      drivers/usb/core/usb.o
  CC      drivers/staging/android/sync.o
  CC      drivers/misc/mediatek/conn_md/conn_md_test.o
  CC      drivers/usb/core/hub.o
  CC      drivers/misc/mediatek/cmdq/cmdq_driver.o
  LD      drivers/misc/mediatek/conn_md/conn_md_bridge.o
  LD      drivers/misc/mediatek/conn_md/built-in.o
  CC      drivers/usb/core/hcd.o
  CC      drivers/staging/android/sw_sync.o
  LD      drivers/tty/serial/built-in.o
  LD      drivers/tty/vt/built-in.o
  LD      drivers/tty/built-in.o
  CC      drivers/usb/gadget/udc-core.o
  LD      drivers/staging/android/built-in.o
  CC      drivers/staging/zram/zram_drv.o
  CC      drivers/misc/mediatek/cmdq/cmdq_mmp.o
  CC      drivers/usb/gadget/android.o
  CC      drivers/misc/mediatek/cmdq/cmdq_mdp_common.o
  CC      drivers/misc/mediatek/cmdq/cmdq_test.o
  CC      drivers/staging/zram/zram_sysfs.o
  CC      drivers/misc/mediatek/cmdq/cmdq_sec.o
  CC      drivers/usb/core/urb.o
  LD      drivers/staging/zram/zram.o
  LD      drivers/staging/zram/built-in.o
  CC      drivers/staging/zsmalloc/zsmalloc-main.o
  CC      drivers/misc/mediatek/cmdq/mt6752/cmdq_mdp.o
  CC      drivers/usb/core/message.o
  CC      drivers/usb/core/driver.o
  CC      drivers/misc/mediatek/cmdq/mt6752/cmdq_device.o
  LD      drivers/staging/zsmalloc/zsmalloc.o
  LD      drivers/staging/zsmalloc/built-in.o
  LD      drivers/staging/built-in.o
  CC      drivers/video/fb_notify.o
  CC      drivers/misc/mediatek/cmdq/mt6752/cmdq_platform.o
  CC      drivers/video/fbmem.o
  CC      drivers/usb/misc/trancevibrator.o
  LD      drivers/misc/mediatek/cmdq/mt6752/built-in.o
  LD      drivers/misc/mediatek/cmdq/built-in.o
  CC      drivers/usb/core/config.o
  CC      drivers/misc/mediatek/connectivity/common_detect/mtk_wcn_stub_alps.o
  LD      drivers/usb/misc/built-in.o
  CC      drivers/usb/phy/phy.o
  CC      drivers/misc/mediatek/connectivity/common_detect/wmt_stp_exp.o
  CC      drivers/usb/phy/phy-nop.o
  CC      drivers/video/fbmon.o
  CC      drivers/usb/core/file.o
  CC      drivers/misc/mediatek/connectivity/common_detect/wmt_detect.o
  LD      drivers/usb/phy/built-in.o
  CC      drivers/usb/storage/alauda.o
  CC      drivers/usb/core/buffer.o
  CC      drivers/misc/mediatek/connectivity/common_detect/sdio_detect.o
  CC      drivers/video/fbcmap.o
  CC      drivers/usb/core/sysfs.o
  CC      drivers/misc/mediatek/connectivity/common_detect/wmt_detect_pwr.o
  CC      drivers/usb/storage/cypress_atacb.o
  CC      drivers/video/fbsysfs.o
  CC      drivers/usb/core/endpoint.o
  CC      drivers/misc/mediatek/connectivity/common_detect/drv_init/conn_drv_init.o
  CC      drivers/usb/core/devio.o
  CC      drivers/usb/storage/datafab.o
  CC      drivers/video/modedb.o
  CC      drivers/misc/mediatek/connectivity/common_detect/drv_init/common_drv_init.o
  CC      drivers/misc/mediatek/connectivity/common_detect/drv_init/bluetooth_drv_init.o
  CC      drivers/video/fbcvt.o
  CC      drivers/usb/storage/freecom.o
  CC      drivers/misc/mediatek/connectivity/common_detect/drv_init/gps_drv_init.o
  CC      drivers/misc/mediatek/connectivity/common_detect/drv_init/fm_drv_init.o
  LD      drivers/video/backlight/built-in.o
  CC      drivers/usb/storage/isd200.o
  CC      drivers/video/console/fonts.o
  CC      drivers/video/console/font_8x16.o
  CC      drivers/usb/core/notify.o
  CC      drivers/misc/mediatek/connectivity/common_detect/drv_init/wlan_drv_init.o
  CC      drivers/usb/gadget/usbstring.o
  LD      drivers/video/console/font.o
  LD      drivers/video/console/built-in.o
  CC      drivers/video/logo/logo.o
  CC      drivers/usb/core/generic.o
  LD      drivers/misc/mediatek/connectivity/common_detect/drv_init/built-in.o
  LD      drivers/misc/mediatek/connectivity/common_detect/built-in.o
  CC      drivers/usb/gadget/config.o
  LOGO    drivers/video/logo/logo_linux_mono.c
  LOGO    drivers/video/logo/logo_linux_vga16.c
  LOGO    drivers/video/logo/logo_linux_clut224.c
  CC      drivers/misc/mediatek/connectivity/conn_soc/common/core/wmt_core.o
  LOGO    drivers/video/logo/logo_superh_mono.c
  LOGO    drivers/video/logo/logo_superh_vga16.c
  CC      drivers/usb/storage/jumpshot.o
  LOGO    drivers/video/logo/clut_vga16.c
  LOGO    drivers/video/logo/logo_blackfin_vga16.c
  LOGO    drivers/video/logo/logo_spe_clut224.c
  LOGO    drivers/video/logo/logo_parisc_clut224.c
  LOGO    drivers/video/logo/logo_mac_clut224.c
  LOGO    drivers/video/logo/logo_superh_clut224.c
  LOGO    drivers/video/logo/logo_sun_clut224.c
  LOGO    drivers/video/logo/logo_blackfin_clut224.c
  LOGO    drivers/video/logo/logo_dec_clut224.c
  CC      drivers/usb/core/quirks.o
  LOGO    drivers/video/logo/logo_m32r_clut224.c
  LOGO    drivers/video/logo/logo_sgi_clut224.c
  CC      drivers/video/logo/logo_linux_mono.o
  CC      drivers/video/logo/logo_linux_vga16.o
  CC      drivers/usb/gadget/epautoconf.o
  CC      drivers/video/logo/logo_linux_clut224.o
  CC      drivers/usb/core/devices.o
  LD      drivers/video/logo/built-in.o
  CC      drivers/usb/storage/karma.o
  LD      drivers/video/omap2/displays/built-in.o
  LD      drivers/video/omap2/built-in.o
  CC      drivers/video/cfbfillrect.o
  CC      drivers/usb/gadget/composite.o
  CC      drivers/usb/core/port.o
  CC      drivers/usb/storage/onetouch.o
  CC      drivers/video/cfbcopyarea.o
  CC      drivers/misc/mediatek/connectivity/conn_soc/common/core/wmt_ctrl.o
  CC      drivers/usb/storage/sddr09.o
  LD      drivers/usb/core/usbcore.o
  LD      drivers/usb/core/built-in.o
  CC      drivers/usb/storage/sddr55.o
  CC      drivers/video/cfbimgblt.o
  CC      drivers/misc/mediatek/connectivity/conn_soc/common/core/wmt_func.o
  CC      drivers/usb/gadget/functions.o
  LD      drivers/video/fb.o
  LD      drivers/video/built-in.o
  CC      drivers/usb/gadget/configfs.o
  CC      drivers/usb/storage/shuttle_usbat.o
  CC      drivers/usb/storage/scsiglue.o
  CC      drivers/usb/gadget/f_acm.o
  CC      drivers/misc/mediatek/connectivity/conn_soc/common/core/wmt_ic_soc.o
  CC      drivers/misc/mediatek/connectivity/conn_soc/common/core/wmt_lib.o
  CC      drivers/usb/gadget/f_serial.o
  CC      drivers/usb/storage/protocol.o
  CC      drivers/misc/mediatek/connectivity/conn_soc/common/core/wmt_conf.o
  CC      drivers/usb/storage/transport.o
  CC      drivers/usb/gadget/u_serial.o
  CC      drivers/misc/mediatek/connectivity/conn_soc/common/core/btm_core.o
  CC      drivers/misc/mediatek/connectivity/conn_soc/drv_wlan/mt_wifi/wlan/common/dump.o
  CC      drivers/misc/mediatek/connectivity/conn_soc/common/linux/pri/stp_btif.o
  CC      drivers/usb/storage/usb.o
  LD      drivers/usb/gadget/usb_f_serial.o
  LD      drivers/usb/gadget/g_android.o
  LD      drivers/usb/gadget/libcomposite.o
  LD      drivers/usb/gadget/usb_f_acm.o
  LD      drivers/usb/gadget/built-in.o
  CC      drivers/misc/mediatek/connectivity/conn_soc/common/linux/pub/osal.o
  CC      drivers/misc/mediatek/connectivity/conn_soc/common/linux/pri/stp_dbg.o
  CC      drivers/misc/mediatek/connectivity/conn_soc/common/core/dbg_core.o
  CC      drivers/misc/mediatek/connectivity/conn_soc/common/core/psm_core.o
  CC      drivers/usb/storage/initializers.o
  CC      drivers/misc/mediatek/connectivity/conn_soc/common/linux/pub/bgw_desense.o
  CC      drivers/misc/mediatek/connectivity/conn_soc/drv_wlan/mt_wifi/wlan/common/wlan_lib.o
  CC      drivers/usb/storage/sierra_ms.o
  CC      drivers/misc/mediatek/connectivity/conn_soc/common/linux/pri/stp_exp.o
  CC      drivers/misc/mediatek/connectivity/conn_soc/common/linux/pub/stp_chrdev_bt.o
  CC      drivers/usb/storage/option_ms.o
  CC      drivers/misc/mediatek/connectivity/conn_soc/common/linux/pri/wmt_dev.o
  CC      drivers/misc/mediatek/connectivity/conn_soc/common/core/stp_core.o
  CC      drivers/misc/mediatek/connectivity/conn_soc/common/linux/pub/stp_chrdev_gps.o
  CC      drivers/usb/storage/usual-tables.o
  LD      drivers/usb/storage/usb-storage.o
  CC      drivers/misc/mediatek/connectivity/conn_soc/common/linux/pub/wmt_chrdev_wifi.o
  LD      drivers/usb/storage/ums-alauda.o
  LD      drivers/usb/storage/ums-cypress.o
  LD      drivers/usb/storage/ums-datafab.o
  LD      drivers/usb/storage/ums-freecom.o
  LD      drivers/usb/storage/ums-isd200.o
  LD      drivers/usb/storage/ums-jumpshot.o
  LD      drivers/usb/storage/ums-karma.o
  LD      drivers/usb/storage/ums-onetouch.o
  LD      drivers/usb/storage/ums-sddr09.o
  LD      drivers/usb/storage/ums-sddr55.o
  LD      drivers/usb/storage/ums-usbat.o
  LD      drivers/usb/storage/built-in.o
  CC      drivers/usb/usb-common.o
  CC      drivers/misc/mediatek/connectivity/conn_soc/drv_wlan/mt_wifi/wlan/common/wlan_oid.o
  LD      drivers/misc/mediatek/connectivity/conn_soc/common/core/built-in.o
  CC      drivers/misc/mediatek/connectivity/conn_soc/common/linux/pri/wmt_exp.o
  LD      drivers/usb/built-in.o
  CC      drivers/misc/mediatek/connectivity/conn_soc/common/mt6752/mtk_wcn_consys_hw.o
  CC      drivers/misc/mediatek/cqdma/cqdma.o
  CC      drivers/misc/mediatek/connectivity/conn_soc/common/linux/pub/wmt_idc.o
  LD      drivers/misc/mediatek/connectivity/conn_soc/common/linux/pri/built-in.o
  LD      drivers/misc/mediatek/connectivity/conn_soc/common/linux/pub/built-in.o
  LD      drivers/misc/mediatek/connectivity/conn_soc/common/linux/built-in.o
  CC      drivers/misc/mediatek/devapc/mt6752/devapc.o
  CC      drivers/misc/mediatek/devinfo/mt6752/devinfo.o
  CC      drivers/misc/mediatek/connectivity/conn_soc/common/mt6752/wmt_plat_alps.o
  LD      drivers/misc/mediatek/cqdma/built-in.o
  CC      drivers/misc/mediatek/connectivity/conn_soc/drv_wlan/mt_wifi/wlan/common/wlan_bow.o
  CC      drivers/misc/mediatek/devinfo/mt6752/devinfosys.o
  LD      drivers/misc/mediatek/devapc/mt6752/built-in.o
  LD      drivers/misc/mediatek/devapc/built-in.o
  LD      drivers/misc/mediatek/connectivity/conn_soc/common/mt6752/built-in.o
  LD      drivers/misc/mediatek/connectivity/conn_soc/common/built-in.o
  CC      drivers/misc/mediatek/dispsys/mt6752/ddp_ovl.o
  LD      drivers/misc/mediatek/devinfo/mt6752/built-in.o
  LD      drivers/misc/mediatek/devinfo/built-in.o
  CC      drivers/misc/mediatek/dispsys/mt6752/ddp_color.o
  CC      drivers/misc/mediatek/dramc/mt6752/mt_dramc.o
  LD      drivers/misc/mediatek/dramc/mt6752/built-in.o
  LD      drivers/misc/mediatek/dramc/built-in.o
  LD      drivers/misc/mediatek/dum-char/built-in.o
  CC      drivers/misc/mediatek/dispsys/mt6752/ddp_rdma.o
  CC      drivers/misc/mediatek/eccci/ccci_core.o
  CC      drivers/misc/mediatek/eccci/ccci_bm.o
  CC      drivers/misc/mediatek/dispsys/mt6752/ddp_wdma.o
  CC      drivers/misc/mediatek/eccci/ccci_support.o
  CC      drivers/misc/mediatek/dispsys/mt6752/ddp_aal.o
  CC      drivers/misc/mediatek/connectivity/conn_soc/drv_wlan/mt_wifi/wlan/common/wlan_p2p.o
  CC      drivers/misc/mediatek/eccci/port_char.o
  CC      drivers/misc/mediatek/eccci/port_net.o
  CC      drivers/misc/mediatek/eccci/port_kernel.o
  CC      drivers/misc/mediatek/dispsys/mt6752/ddp_pwm.o
  CC      drivers/misc/mediatek/connectivity/conn_soc/drv_wlan/mt_wifi/wlan/nic/nic.o
  CC      drivers/misc/mediatek/dispsys/mt6752/ddp_gamma.o
  CC      drivers/misc/mediatek/dispsys/mt6752/ddp_dither.o
  CC      drivers/misc/mediatek/eccci/port_ipc.o
  LD      drivers/misc/mediatek/eint/built-in.o
  CC      drivers/misc/mediatek/emi_bwl/mt6752/emi_bwl.o
  CC      drivers/misc/mediatek/emi_mpu/mt6752/emi_mpu.o
  CC      drivers/misc/mediatek/eccci/port_cfg.o
  CC      drivers/misc/mediatek/dispsys/mt6752/ddp_dsi.o
  LD      drivers/misc/mediatek/emi_bwl/mt6752/built-in.o
  LD      drivers/misc/mediatek/emi_bwl/built-in.o
  CC      drivers/misc/mediatek/eccci/modem_cldma.o
  CC      drivers/misc/mediatek/eccci/mt6752/ccci_platform.o
  LD      drivers/misc/mediatek/emi_mpu/mt6752/built-in.o
  LD      drivers/misc/mediatek/emi_mpu/built-in.o
  CC      drivers/misc/mediatek/etm/mt6752/etmv4/etm_v4.o
  CC      drivers/misc/mediatek/connectivity/conn_soc/drv_wlan/mt_wifi/wlan/nic/nic_tx.o
  CC      drivers/misc/mediatek/eccci/mt6752/cldma_platform.o
  LD      drivers/misc/mediatek/eccci/mt6752/ccci.o
  LD      drivers/misc/mediatek/eccci/mt6752/built-in.o
  CC      drivers/misc/mediatek/dispsys/mt6752/ddp_dpi.o
  LD      drivers/misc/mediatek/etm/mt6752/etmv4/built-in.o
  LD      drivers/misc/mediatek/etm/mt6752/built-in.o
  LD      drivers/misc/mediatek/etm/built-in.o
  CC      drivers/misc/mediatek/flashlight/src/mt6752/kd_flashlightlist.o
  CC      drivers/misc/mediatek/connectivity/conn_soc/drv_wlan/mt_wifi/wlan/nic/nic_rx.o
  LD      drivers/misc/mediatek/eccci/ccci.o
  LD      drivers/misc/mediatek/eccci/built-in.o
  CC      drivers/misc/mediatek/flashlight/src/mt6752/strobe_main_sid2_part1.o
  CC      drivers/misc/mediatek/flashlight/src/mt6752/strobe_main_sid2_part2.o
  CC      drivers/misc/mediatek/connectivity/conn_soc/drv_wlan/mt_wifi/wlan/nic/nic_pwr_mgt.o
  CC      drivers/misc/mediatek/fmradio/core/fm_module.o
  CC      drivers/misc/mediatek/flashlight/src/mt6752/strobe_sub_sid2_part1.o
  CC      drivers/misc/mediatek/flashlight/src/mt6752/strobe_sub_sid2_part2.o
  CC      drivers/misc/mediatek/connectivity/conn_soc/drv_wlan/mt_wifi/wlan/nic/cmd_buf.o
  CC      drivers/misc/mediatek/flashlight/src/mt6752/sub_strobe.o
  CC      drivers/misc/mediatek/connectivity/conn_soc/drv_wlan/mt_wifi/wlan/nic/que_mgt.o
  CC      drivers/misc/mediatek/flashlight/src/mt6752/strobe_main_sid1_part2.o
  CC      drivers/misc/mediatek/fmradio/core/fm_main.o
  CC      drivers/misc/mediatek/connectivity/conn_soc/drv_wlan/mt_wifi/wlan/nic/nic_cmd_event.o
  CC      drivers/misc/mediatek/flashlight/src/mt6752/strobe_part_id.o
  CC      drivers/misc/mediatek/flashlight/src/mt6752/strobe_sub_sid1_part2.o
  CC      drivers/misc/mediatek/flashlight/src/mt6752/constant_flashlight/leds_strobe.o
  CC      drivers/misc/mediatek/dispsys/mt6752/ddp_ufoe.o
  LD      drivers/misc/mediatek/flashlight/src/mt6752/constant_flashlight/built-in.o
  LD      drivers/misc/mediatek/flashlight/src/mt6752/built-in.o
  LD      drivers/misc/mediatek/flashlight/src/built-in.o
  CC      drivers/misc/mediatek/connectivity/conn_soc/drv_wlan/mt_wifi/wlan/nic/p2p_nic.o
  CC      drivers/misc/mediatek/connectivity/conn_soc/drv_wlan/mt_wifi/wlan/os/linux/gl_init.o
  CC      drivers/misc/mediatek/freqhopping/mt_freqhopping_drv.o
  CC      drivers/misc/mediatek/fmradio/core/fm_config.o
  CC      drivers/misc/mediatek/dispsys/mt6752/ddp_drv.o
  CC      drivers/misc/mediatek/fmradio/core/fm_rds_parser.o
  CC      drivers/misc/mediatek/dispsys/mt6752/ddp_path.o
  LD      drivers/misc/mediatek/freqhopping/built-in.o
  CC      drivers/misc/mediatek/connectivity/conn_soc/drv_wlan/mt_wifi/wlan/os/linux/gl_kal.o
  CC      drivers/misc/mediatek/fmradio/core/fm_patch.o
  CC      drivers/misc/mediatek/dispsys/mt6752/ddp_debug.o
  CC      drivers/misc/mediatek/connectivity/conn_soc/drv_wlan/mt_wifi/wlan/os/linux/gl_bow.o
  CC      drivers/misc/mediatek/dispsys/mt6752/ddp_dump.o
  CC      drivers/misc/mediatek/fmradio/core/fm_utils.o
  CC      drivers/misc/mediatek/connectivity/conn_soc/drv_wlan/mt_wifi/wlan/os/linux/gl_wext.o
  CC      drivers/misc/mediatek/dispsys/mt6752/ddp_manager.o
  CC      drivers/misc/mediatek/fmradio/core/fm_link.o
  CC      drivers/misc/mediatek/dispsys/mt6752/ddp_irq.o
  CC      drivers/misc/mediatek/dispsys/mt6752/ddp_info.o
  CC      drivers/misc/mediatek/dispsys/mt6752/ddp_color_format.o
  CC      drivers/misc/mediatek/dispsys/mt6752/data_rgb888_64x64.o
  CC      drivers/misc/mediatek/fmradio/core/fm_eint.o
  CC      drivers/misc/mediatek/fmradio/mt6627/pub/mt6627_fm_lib.o
  CC      drivers/misc/mediatek/connectivity/conn_soc/drv_wlan/mt_wifi/wlan/os/linux/gl_wext_priv.o
  CC      drivers/misc/mediatek/connectivity/conn_soc/drv_wlan/mt_wifi/wlan/os/linux/gl_rst.o
  CC      drivers/misc/mediatek/dispsys/mt6752/data_rgb888_64x64_golden.o
  CC      drivers/misc/mediatek/dispsys/mt6752/ddp_mmp.o
  CC      drivers/misc/mediatek/dispsys/mt6752/ddp_met.o
  CC      drivers/misc/mediatek/connectivity/conn_soc/drv_wlan/mt_wifi/wlan/os/linux/gl_cfg80211.o
  CC      drivers/misc/mediatek/fmradio/mt6627/pub/mt6627_fm_rds.o
  CC      drivers/misc/mediatek/fmradio/mt6627/pub/mt6627_fm_cmd.o
  CC      drivers/misc/mediatek/connectivity/conn_soc/drv_wlan/mt_wifi/wlan/os/linux/platform.o
  CC      drivers/misc/mediatek/dispsys/mt6752/ddp_misc.o
  CC      drivers/misc/mediatek/fmradio/mt6627/pub/mt6627_fm_config.o
  CC      drivers/misc/mediatek/dispsys/mt6752/display_recorder.o
  CC      drivers/misc/mediatek/connectivity/conn_soc/drv_wlan/mt_wifi/wlan/os/linux/gl_p2p.o
  CC      drivers/misc/mediatek/fmradio/dummy.o
  LD      drivers/misc/mediatek/fmradio/mtk_fm_drv.o
  LD      drivers/misc/mediatek/fmradio/built-in.o
  CC      drivers/misc/mediatek/connectivity/conn_soc/drv_wlan/mt_wifi/wlan/os/linux/gl_p2p_cfg80211.o
  CC      drivers/misc/mediatek/gator-driver/gator_main.o
  LD      drivers/misc/mediatek/dispsys/mt6752/built-in.o
  LD      drivers/misc/mediatek/dispsys/built-in.o
  CC      drivers/misc/mediatek/connectivity/conn_soc/drv_wlan/mt_wifi/wlan/os/linux/gl_p2p_init.o
  CC      drivers/misc/mediatek/connectivity/conn_soc/drv_wlan/mt_wifi/wlan/os/linux/gl_p2p_kal.o
  CC      drivers/misc/mediatek/connectivity/conn_soc/drv_wlan/mt_wifi/wlan/os/linux/hif/ahb/arm.o
  CC      drivers/misc/mediatek/connectivity/conn_soc/drv_wlan/mt_wifi/wlan/os/linux/hif/ahb/ahb.o
  CC      drivers/misc/mediatek/gator-driver/gator_events_block.o
  CC      drivers/misc/mediatek/gator-driver/gator_events_irq.o
  CC      drivers/misc/mediatek/gator-driver/gator_events_meminfo.o
  CC      drivers/misc/mediatek/connectivity/conn_soc/drv_wlan/mt_wifi/wlan/os/linux/hif/ahb/mt6752/ahb_pdma.o
  CC      drivers/misc/mediatek/connectivity/conn_soc/drv_wlan/mt_wifi/wlan/mgmt/ais_fsm.o
  CC      drivers/misc/mediatek/gator-driver/gator_events_mmapped.o
  CC      drivers/misc/mediatek/gpio/mt_gpio_core.o
  CC      drivers/misc/mediatek/connectivity/conn_soc/drv_wlan/mt_wifi/wlan/mgmt/aaa_fsm.o
  CC      drivers/misc/mediatek/gator-driver/gator_events_net.o
  CC      drivers/misc/mediatek/gpio/mt6752/mt_gpio_base.o
  CC      drivers/misc/mediatek/gpio/mt6752/mt_gpio_ext.o
  CC      drivers/misc/mediatek/gator-driver/gator_events_perf_pmu.o
  CC      drivers/misc/mediatek/gpio/mt6752/mt_gpio_affix.o
  CC      drivers/misc/mediatek/gator-driver/gator_events_sched.o
  CC      drivers/misc/mediatek/connectivity/conn_soc/drv_wlan/mt_wifi/wlan/mgmt/assoc.o
  CC      drivers/misc/mediatek/gpio/mt6752/mt_gpio_debug.o
  CC      drivers/misc/mediatek/gpio/mt6752/mt_gpio_base_linux.o
  CC      drivers/misc/mediatek/gator-driver/gator_events_clock.o
  CC      drivers/misc/mediatek/gps/gps.o
  CC      drivers/misc/mediatek/connectivity/conn_soc/drv_wlan/mt_wifi/wlan/mgmt/auth.o
  LD      drivers/misc/mediatek/gpio/mt6752/built-in.o
  CC      drivers/misc/mediatek/gator-driver/gator_events_load.o
  LD      drivers/misc/mediatek/gpio/built-in.o
  CC      drivers/misc/mediatek/connectivity/conn_soc/drv_wlan/mt_wifi/wlan/mgmt/bss.o
  CC      drivers/misc/mediatek/gator-driver/gator_events_armv6.o
  CC      drivers/misc/mediatek/gator-driver/gator_events_armv7.o
  LD      drivers/misc/mediatek/gps/built-in.o
  CC      drivers/misc/mediatek/gpu/ged/src/ged_base.o
  CC      drivers/misc/mediatek/gator-driver/gator_events_l2c-310.o
  CC      drivers/misc/mediatek/connectivity/conn_soc/drv_wlan/mt_wifi/wlan/mgmt/cnm.o
  CC      drivers/misc/mediatek/gpu/ged/src/ged_main.o
  CC      drivers/misc/mediatek/gpu/ged/src/ged_debugFS.o
  CC      drivers/misc/mediatek/gator-driver/gator_events_scorpion.o
  LD      drivers/misc/mediatek/gator-driver/gator.o
  CC      drivers/misc/mediatek/gpu/hal/mtk_gpu_utility.o
  LD      drivers/misc/mediatek/gator-driver/built-in.o
  CC      drivers/misc/mediatek/connectivity/conn_soc/drv_wlan/mt_wifi/wlan/mgmt/cnm_timer.o
mali MTK evironment
  CC      drivers/misc/mediatek/gpu/ged/src/ged_log.o
  CC      drivers/misc/mediatek/gpu/mt6752/mali/drivers/gpu/arm/midgard/mali_kbase_device.o
  LD      drivers/misc/mediatek/gpu/hal/hal.o
  LD      drivers/misc/mediatek/gpu/hal/built-in.o
  CC      drivers/misc/mediatek/gpu/mt6752/mali/drivers/gpu/arm/midgard/mali_kbase_cache_policy.o
  CC      drivers/misc/mediatek/connectivity/conn_soc/drv_wlan/mt_wifi/wlan/mgmt/cnm_mem.o
  CC      drivers/misc/mediatek/gpu/ged/src/ged_bridge.o
  CC      drivers/misc/mediatek/gpu/ged/src/ged_profile_dvfs.o
  CC      drivers/misc/mediatek/gpu/mt6752/mali/drivers/gpu/arm/midgard/mali_kbase_mem.o
  CC      drivers/misc/mediatek/hallic/hallic_dummy.o
  CC      drivers/misc/mediatek/hibcore/mtk_hibernate_dpm.o
  CC      drivers/misc/mediatek/hallic/bu52061nvx/hall_driver.o
  CC      drivers/misc/mediatek/gpu/ged/src/ged_monitor_3D_fence.o
  CC      drivers/misc/mediatek/connectivity/conn_soc/drv_wlan/mt_wifi/wlan/mgmt/hem_mbox.o
  LD      drivers/misc/mediatek/hallic/bu52061nvx/built-in.o
  LD      drivers/misc/mediatek/hallic/built-in.o
  CC      drivers/misc/mediatek/gpu/ged/src/ged_hashtable.o
  CC      drivers/misc/mediatek/hibcore/mtk_hibernate_core.o
  CC      drivers/misc/mediatek/hwmon/hwmsen/hwmsen_helper.o
  LD      drivers/misc/mediatek/gpu/ged/ged.o
  LD      drivers/misc/mediatek/gpu/ged/built-in.o
  CC      drivers/misc/mediatek/hwmon/hwmsen/hwmsen_dev.o
  CC      drivers/misc/mediatek/gpu/mt6752/mali/drivers/gpu/arm/midgard/mali_kbase_mmu.o
  LD      drivers/misc/mediatek/hibcore/built-in.o
  CC      drivers/misc/mediatek/gpu/mt6752/mali/drivers/gpu/arm/midgard/mali_kbase_jd.o
  CC      drivers/misc/mediatek/i2c/mt6752/i2c.o
  CC      drivers/misc/mediatek/connectivity/conn_soc/drv_wlan/mt_wifi/wlan/mgmt/mib.o
  LD      drivers/misc/mediatek/hwmon/hwmsen/built-in.o
  LD      drivers/misc/mediatek/hwmon/built-in.o
  CC      drivers/misc/mediatek/i2c/mt6752/i2c_common.o
  CC      drivers/misc/mediatek/imgsensor/src/mt6752/kd_sensorlist.o
  CC      drivers/misc/mediatek/connectivity/conn_soc/drv_wlan/mt_wifi/wlan/mgmt/privacy.o
  CC      drivers/misc/mediatek/connectivity/conn_soc/drv_wlan/mt_wifi/wlan/mgmt/rate.o
  CC      drivers/misc/mediatek/gpu/mt6752/mali/drivers/gpu/arm/midgard/mali_kbase_jd_debugfs.o
  LD      drivers/misc/mediatek/i2c/mt6752/built-in.o
  LD      drivers/misc/mediatek/i2c/built-in.o
  CC      drivers/misc/mediatek/irq/mt6752/irq.o
  CC      drivers/misc/mediatek/gpu/mt6752/mali/drivers/gpu/arm/midgard/mali_kbase_jm.o
  CC      drivers/misc/mediatek/gpu/mt6752/mali/drivers/gpu/arm/midgard/mali_kbase_cpuprops.o
  CC      drivers/misc/mediatek/connectivity/conn_soc/drv_wlan/mt_wifi/wlan/mgmt/rlm.o
  LD      drivers/misc/mediatek/irq/mt6752/built-in.o
  LD      drivers/misc/mediatek/irq/built-in.o
  CC      drivers/misc/mediatek/jpeg/mt6752/jpeg_cmdq.o
  CC      drivers/misc/mediatek/gpu/mt6752/mali/drivers/gpu/arm/midgard/mali_kbase_gpuprops.o
  CC      drivers/misc/mediatek/imgsensor/src/mt6752/hi841_mipi_raw/hi841mipi_Sensor.o
  CC      drivers/misc/mediatek/jpeg/mt6752/jpeg_drv_6589_enc.o
  CC      drivers/misc/mediatek/gpu/mt6752/mali/drivers/gpu/arm/midgard/mali_kbase_js.o
  CC      drivers/misc/mediatek/gpu/mt6752/mali/drivers/gpu/arm/midgard/mali_kbase_js_affinity.o
  CC      drivers/misc/mediatek/jpeg/mt6752/jpeg_drv_6589_dec.o
  CC      drivers/misc/mediatek/connectivity/conn_soc/drv_wlan/mt_wifi/wlan/mgmt/rlm_domain.o
  CC      drivers/misc/mediatek/kernel/sched/rq_stats.o
  CC      drivers/misc/mediatek/jpeg/mt6752/jpeg_drv.o
  CC      drivers/misc/mediatek/kernel/sched/sched_avg.o
  CC      drivers/misc/mediatek/gpu/mt6752/mali/drivers/gpu/arm/midgard/mali_kbase_js_ctx_attr.o
  CC      drivers/misc/mediatek/connectivity/conn_soc/drv_wlan/mt_wifi/wlan/mgmt/rlm_obss.o
  LD      drivers/misc/mediatek/imgsensor/src/mt6752/hi841_mipi_raw/built-in.o
  CC      drivers/misc/mediatek/imgsensor/src/mt6752/ov5670_mipi_raw/ov5670mipi_Sensor.o
  CC      drivers/misc/mediatek/kernel/sched/cputopo.o
  LD      drivers/misc/mediatek/jpeg/mt6752/jpeg_driver.o
  LD      drivers/misc/mediatek/jpeg/mt6752/built-in.o
  LD      drivers/misc/mediatek/jpeg/built-in.o
  CC      drivers/misc/mediatek/gpu/mt6752/mali/drivers/gpu/arm/midgard/mali_kbase_event.o
  CC      drivers/misc/mediatek/connectivity/conn_soc/drv_wlan/mt_wifi/wlan/mgmt/rlm_protection.o
  LD      drivers/misc/mediatek/kernel/sched/built-in.o
  CC      drivers/misc/mediatek/kernel/mtk_trace.o
  CC      drivers/misc/mediatek/kernel/mtk_meminfo.o
  CC      drivers/misc/mediatek/gpu/mt6752/mali/drivers/gpu/arm/midgard/mali_kbase_context.o
  CC      drivers/misc/mediatek/kernel/system.o
  AS      drivers/misc/mediatek/kernel/mt_cache_v7.o
  CC      drivers/misc/mediatek/connectivity/conn_soc/drv_wlan/mt_wifi/wlan/mgmt/rsn.o
  CC      drivers/misc/mediatek/gpu/mt6752/mali/drivers/gpu/arm/midgard/mali_kbase_pm.o
  CC      drivers/misc/mediatek/kernel/fiq_smp_call.o
  CC      drivers/misc/mediatek/kernel/sec_osal.o
  CC      drivers/misc/mediatek/gpu/mt6752/mali/drivers/gpu/arm/midgard/mali_kbase_pm_driver.o
  CC      drivers/misc/mediatek/connectivity/conn_soc/drv_wlan/mt_wifi/wlan/mgmt/saa_fsm.o
  LD      drivers/misc/mediatek/kernel/built-in.o
  CC      drivers/misc/mediatek/gpu/mt6752/mali/drivers/gpu/arm/midgard/mali_kbase_pm_metrics.o
  LD      drivers/misc/mediatek/imgsensor/src/mt6752/ov5670_mipi_raw/built-in.o
  LD      drivers/misc/mediatek/imgsensor/src/mt6752/built-in.o
  LD      drivers/misc/mediatek/imgsensor/src/built-in.o
  CC      drivers/misc/mediatek/keypad/kpd.o
  CC      drivers/misc/mediatek/connectivity/conn_soc/drv_wlan/mt_wifi/wlan/mgmt/scan.o
  CC      drivers/misc/mediatek/connectivity/conn_soc/drv_wlan/mt_wifi/wlan/mgmt/scan_fsm.o
  CC      drivers/misc/mediatek/gpu/mt6752/mali/drivers/gpu/arm/midgard/mali_kbase_pm_ca.o
  CC      drivers/misc/mediatek/connectivity/conn_soc/drv_wlan/mt_wifi/wlan/mgmt/sec_fsm.o
  CC      drivers/misc/mediatek/keypad/mt6752/hal_kpd.o
  CC      drivers/misc/mediatek/gpu/mt6752/mali/drivers/gpu/arm/midgard/mali_kbase_pm_ca_fixed.o
  CC      drivers/misc/mediatek/connectivity/conn_soc/drv_wlan/mt_wifi/wlan/mgmt/swcr.o
  CC      drivers/misc/mediatek/gpu/mt6752/mali/drivers/gpu/arm/midgard/mali_kbase_pm_always_on.o
  LD      drivers/misc/mediatek/keypad/mt6752/built-in.o
  LD      drivers/misc/mediatek/keypad/built-in.o
  CC      drivers/misc/mediatek/gpu/mt6752/mali/drivers/gpu/arm/midgard/mali_kbase_pm_coarse_demand.o
  CC      drivers/misc/mediatek/connectivity/conn_soc/drv_wlan/mt_wifi/wlan/mgmt/roaming_fsm.o
  CC      drivers/misc/mediatek/connectivity/conn_soc/drv_wlan/mt_wifi/wlan/mgmt/hs20.o
  CC      drivers/misc/mediatek/l2c_share/l2c_share_sec.o
  CC      drivers/misc/mediatek/gpu/mt6752/mali/drivers/gpu/arm/midgard/mali_kbase_pm_demand.o
  LD      drivers/misc/mediatek/l2c_share/built-in.o
  CC      drivers/misc/mediatek/gpu/mt6752/mali/drivers/gpu/arm/midgard/mali_kbase_pm_policy.o
  CC      drivers/misc/mediatek/gpu/mt6752/mali/drivers/gpu/arm/midgard/mali_kbase_config.o
  CC      drivers/misc/mediatek/connectivity/conn_soc/drv_wlan/mt_wifi/wlan/mgmt/tdls.o
  CC      drivers/misc/mediatek/connectivity/conn_soc/drv_wlan/mt_wifi/wlan/mgmt/tdls_com.o
  CC      drivers/misc/mediatek/connectivity/conn_soc/drv_wlan/mt_wifi/wlan/mgmt/stats.o
  CC      drivers/misc/mediatek/lastpc/lastpc.o
  CC      drivers/misc/mediatek/gpu/mt6752/mali/drivers/gpu/arm/midgard/mali_kbase_security.o
  CC      drivers/misc/mediatek/lastpc/mt6752/lastpc_plt.o
  CC      drivers/misc/mediatek/connectivity/conn_soc/drv_wlan/mt_wifi/wlan/mgmt/p2p_assoc.o
  LD      drivers/misc/mediatek/lastpc/mt6752/built-in.o
  CC      drivers/misc/mediatek/gpu/mt6752/mali/drivers/gpu/arm/midgard/mali_kbase_instr.o
  LD      drivers/misc/mediatek/lastpc/built-in.o
  CC      drivers/misc/mediatek/connectivity/conn_soc/drv_wlan/mt_wifi/wlan/mgmt/p2p_bss.o
  CC      drivers/misc/mediatek/gpu/mt6752/mali/drivers/gpu/arm/midgard/mali_kbase_softjobs.o
  CC      drivers/misc/mediatek/connectivity/conn_soc/drv_wlan/mt_wifi/wlan/mgmt/p2p_fsm.o
  CC      drivers/misc/mediatek/gpu/mt6752/mali/drivers/gpu/arm/midgard/mali_kbase_10969_workaround.o
  CC      drivers/misc/mediatek/lcm/mt65xx_lcm_list.o
  CC      drivers/misc/mediatek/leds/leds_drv.o
  CC      drivers/misc/mediatek/lcm/r69338_hd720_dsi_vdo_jdi_dw8755a/r69338_hd720_dsi_vdo_jdi_dw8755a.o
  CC      drivers/misc/mediatek/gpu/mt6752/mali/drivers/gpu/arm/midgard/mali_kbase_hw.o
  CC      drivers/misc/mediatek/gpu/mt6752/mali/drivers/gpu/arm/midgard/mali_kbase_utility.o
  CC      drivers/misc/mediatek/lens/mt6752/dummy_lens/dummy_lens.o
  LD      drivers/misc/mediatek/lcm/r69338_hd720_dsi_vdo_jdi_dw8755a/built-in.o
  LD      drivers/misc/mediatek/lcm/built-in.o
  CC      drivers/misc/mediatek/gpu/mt6752/mali/drivers/gpu/arm/midgard/mali_kbase_debug.o
  CC      drivers/misc/mediatek/leds/mt6752/leds.o
  LD      drivers/misc/mediatek/lens/mt6752/dummy_lens/built-in.o
  CC      drivers/misc/mediatek/lens/mt6752/dw9718af/DW9718AF.o
  CC      drivers/misc/mediatek/gpu/mt6752/mali/drivers/gpu/arm/midgard/mali_kbase_trace_timeline.o
  CC      drivers/misc/mediatek/m4u/mt6752/m4u.o
  CC      drivers/misc/mediatek/connectivity/conn_soc/drv_wlan/mt_wifi/wlan/mgmt/p2p_func.o
  LD      drivers/misc/mediatek/leds/mt6752/built-in.o
  LD      drivers/misc/mediatek/leds/built-in.o
  CC      drivers/misc/mediatek/gpu/mt6752/mali/drivers/gpu/arm/midgard/mali_kbase_gpu_memory_debugfs.o
  CC      drivers/misc/mediatek/gpu/mt6752/mali/drivers/gpu/arm/midgard/mali_kbase_mem_linux.o
  LD      drivers/misc/mediatek/lens/mt6752/dw9718af/built-in.o
  LD      drivers/misc/mediatek/lens/built-in.o
  CC      drivers/misc/mediatek/m4u/mt6752/m4u_mva.o
  CC      drivers/misc/mediatek/mach/mt6752/core.o
  CC      drivers/misc/mediatek/mach/mt6752/mt_devs.o
  CC      drivers/misc/mediatek/m4u/mt6752/m4u_pgtable.o
  CC      drivers/misc/mediatek/mach/mt6752/mt_cpuxgpt.o
  CC      drivers/misc/mediatek/gpu/mt6752/mali/drivers/gpu/arm/midgard/mali_kbase_core_linux.o
  CC      drivers/misc/mediatek/m4u/mt6752/m4u_hw.o
  CC      drivers/misc/mediatek/mach/mt6752/mt_gpt.o
  CC      drivers/misc/mediatek/magnetometer/bmm050/bmm050.o
  CC      drivers/misc/mediatek/connectivity/conn_soc/drv_wlan/mt_wifi/wlan/mgmt/p2p_rlm.o
  CC      drivers/misc/mediatek/mach/mt6752/ca53_timer.o
  CC      drivers/misc/mediatek/mach/mt6752/mt_pm_init.o
  CC      drivers/misc/mediatek/m4u/mt6752/m4u_debug.o
  CC      drivers/misc/mediatek/gpu/mt6752/mali/drivers/gpu/arm/midgard/mali_kbase_sync.o
  CC      drivers/misc/mediatek/mach/mt6752/mt-smp.o
  LD      drivers/misc/mediatek/m4u/mt6752/built-in.o
  LD      drivers/misc/mediatek/m4u/built-in.o
  CC      drivers/misc/mediatek/connectivity/conn_soc/drv_wlan/mt_wifi/wlan/mgmt/p2p_rlm_obss.o
  CC      drivers/misc/mediatek/mach/mt6752/hotplug.o
  AS      drivers/misc/mediatek/mach/mt6752/mt-headsmp.o
  LD      drivers/misc/mediatek/magnetometer/bmm050/built-in.o
  CC      drivers/misc/mediatek/connectivity/conn_soc/drv_wlan/mt_wifi/wlan/mgmt/p2p_scan.o
  LD      drivers/misc/mediatek/magnetometer/built-in.o
  CC      drivers/misc/mediatek/gpu/mt6752/mali/drivers/gpu/arm/midgard/mali_kbase_sync_user.o
  AS      drivers/misc/mediatek/mach/mt6752/mt_hotplug.o
  CC      drivers/misc/mediatek/mach/mt6752/mt_hotplug_strategy_main.o
  CC      drivers/misc/mediatek/gpu/mt6752/mali/drivers/gpu/arm/midgard/mali_kbase_replay.o
  CC      drivers/misc/mediatek/masp/mt6752/module/sec_mod.o
  CC      drivers/misc/mediatek/mach/mt6752/mt_hotplug_strategy_core.o
  CC      drivers/misc/mediatek/connectivity/conn_soc/drv_wlan/mt_wifi/wlan/mgmt/p2p_ie.o
  CC      drivers/misc/mediatek/masp/asf/crypto/rsa_lib.o
  CC      drivers/misc/mediatek/mach/mt6752/mt_hotplug_strategy_procfs.o
  CC      drivers/misc/mediatek/connectivity/conn_soc/drv_wlan/mt_wifi/wlan/mgmt/p2p_state.o
  CC      drivers/misc/mediatek/masp/asf/crypto/rsa_core.o
  CC      drivers/misc/mediatek/gpu/mt6752/mali/drivers/gpu/arm/midgard/mali_kbase_mem_profile_debugfs.o
  CC      drivers/misc/mediatek/masp/asf/crypto/rsa_util.o
  CC      drivers/misc/mediatek/gpu/mt6752/mali/drivers/gpu/arm/midgard/mali_kbase_mmu_hw_direct.o
  CC      drivers/misc/mediatek/masp/asf/crypto/bgn_core.o
  CC      drivers/misc/mediatek/masp/asf/crypto/bgn_io.o
  CC      drivers/misc/mediatek/masp/asf/crypto/bgn_util.o
  CC      drivers/misc/mediatek/mach/mt6752/mt_hotplug_strategy_cpu.o
  CC      drivers/misc/mediatek/connectivity/conn_soc/drv_wlan/mt_wifi/wlan/mgmt/wapi.o
  CC      drivers/misc/mediatek/mach/mt6752/mt_hotplug_strategy_api.o
  CC      drivers/misc/mediatek/gpu/mt6752/mali/drivers/gpu/arm/midgard/mali_kbase_disjoint_events.o
  CC      drivers/misc/mediatek/mach/mt6752/mt_hotplug_strategy_algo.o
  CC      drivers/misc/mediatek/mach/mt6752/innercache.o
  CC      drivers/misc/mediatek/masp/asf/auth/sec_wrapper.o
  CC      drivers/misc/mediatek/masp/asf/core/alg_aes_export.o
  CC      drivers/misc/mediatek/masp/asf/core/alg_aes_legacy.o
  CC      drivers/misc/mediatek/gpu/mt6752/mali/drivers/gpu/arm/midgard/mali_kbase_gator_api.o
  CC      drivers/misc/mediatek/masp/asf/core/alg_aes_so.o
  CC      drivers/misc/mediatek/masp/asf/core/alg_sha1.o
  CC      drivers/misc/mediatek/mach/mt6752/mt_freqhopping.o
  LD      drivers/misc/mediatek/connectivity/conn_soc/drv_wlan/mt_wifi/wlan/wlan_mt.o
  CC      drivers/misc/mediatek/mach/mt6752/camera_isp.o
  CC      drivers/misc/mediatek/masp/asf/core/sec_aes.o
  CC      drivers/misc/mediatek/masp/asf/core/sec_hdr.o
  CC      drivers/misc/mediatek/gpu/mt6752/mali/drivers/gpu/arm/midgard/mali_kbase_js_policy_cfs.o
  LD      drivers/misc/mediatek/connectivity/conn_soc/drv_wlan/mt_wifi/wlan/built-in.o
  CC      drivers/misc/mediatek/masp/asf/core/sec_dev_util.o
  LD      drivers/misc/mediatek/connectivity/conn_soc/drv_wlan/mt_wifi/built-in.o
  CC      drivers/misc/mediatek/masp/asf/core/sec_mtd_util.o
  CC      drivers/misc/mediatek/masp/asf/core/sec_usif_util.o
  LD      drivers/misc/mediatek/connectivity/conn_soc/drv_wlan/built-in.o
  CC      drivers/misc/mediatek/mach/mt6752/camera_sysram.o
  LD      drivers/misc/mediatek/connectivity/conn_soc/built-in.o
  CC      drivers/misc/mediatek/masp/asf/core/sec_cfg_crypto.o
  CC      drivers/misc/mediatek/masp/asf/core/sec_cfg_ver.o
  LD      drivers/misc/mediatek/connectivity/built-in.o
  CC      drivers/misc/mediatek/masp/asf/core/sec_signfmt_core.o
  CC      drivers/misc/mediatek/gpu/mt6752/mali/drivers/gpu/arm/midgard/mali_kbase_mem_alloc.o
  CC      drivers/misc/mediatek/md32/mt6752/md32_helper.o
  CC      drivers/misc/mediatek/gpu/mt6752/mali/drivers/gpu/arm/midgard/mali_kbase_pm_metrics_dummy.o
  CC      drivers/misc/mediatek/masp/asf/core/sec_signfmt_util.o
  CC      drivers/misc/mediatek/masp/asf/core/sec_signfmt_v2.o
  CC      drivers/misc/mediatek/md32/mt6752/md32_ipi.o
  CC      drivers/misc/mediatek/masp/asf/core/sec_signfmt_v3.o
  CC      drivers/misc/mediatek/gpu/mt6752/mali/drivers/gpu/arm/midgard/mali_kbase_platform_fake.o
  CC      drivers/misc/mediatek/masp/asf/core/sec_signfmt_v4.o
  CC      drivers/misc/mediatek/md32/mt6752/md32_irq.o
  CC      drivers/misc/mediatek/gpu/mt6752/mali/drivers/gpu/arm/midgard/platform/vexpress/mali_kbase_config_vexpress.o
  CC      drivers/misc/mediatek/gpu/mt6752/mali/drivers/gpu/arm/midgard/platform/vexpress/mali_kbase_cpu_vexpress.o
  CC      drivers/misc/mediatek/masp/asf/core/sec_cipherfmt_core.o
  CC      drivers/misc/mediatek/masp/asf/core/sec_key_util.o
  CC      drivers/misc/mediatek/md32/mt6752/md32_ocd.o
  CC      drivers/misc/mediatek/masp/asf/core/sec_ops.o
  CC      drivers/misc/mediatek/masp/asf/core/sec_boot_lib.o
  LD      drivers/misc/mediatek/gpu/mt6752/mali/drivers/gpu/arm/midgard/mali_kbase.o
  CC      drivers/misc/mediatek/mjc/mt6752/mjc_kernel_driver.o
  LD      drivers/misc/mediatek/gpu/mt6752/mali/drivers/gpu/arm/midgard/built-in.o
  LD      drivers/misc/mediatek/gpu/mt6752/mali/drivers/gpu/arm/built-in.o
  CC      drivers/misc/mediatek/masp/asf/core/sec_secro.o
  LD      drivers/misc/mediatek/gpu/mt6752/mali/drivers/gpu/built-in.o
  LD      drivers/misc/mediatek/gpu/mt6752/mali/drivers/built-in.o
  LD      drivers/misc/mediatek/gpu/mt6752/built-in.o
  LD      drivers/misc/mediatek/gpu/built-in.o
  LD      drivers/misc/mediatek/mjc/mt6752/built-in.o
  LD      drivers/misc/mediatek/mjc/built-in.o
  CC      drivers/misc/mediatek/masp/asf/core/sec_usbdl.o
  LD      drivers/misc/mediatek/md32/mt6752/md32.o
  CC      drivers/misc/mediatek/masp/asf/core/sec_dev.o
  LD      drivers/misc/mediatek/md32/mt6752/built-in.o
  LD      drivers/misc/mediatek/md32/built-in.o
  CC      drivers/misc/mediatek/masp/asf/core/sec_mtd.o
  CC      drivers/misc/mediatek/masp/asf/core/sec_ccci.o
  CC      drivers/misc/mediatek/masp/asf/core/sec_usif.o
  CC      drivers/misc/mediatek/masp/asf/core/sec_fsutil_inter.o
  CC      drivers/misc/mediatek/masp/asf/core/sec_boot_core.o
  CC      drivers/misc/mediatek/masp/asf/core/sec_mod_core.o
  AS      drivers/misc/mediatek/masp/mt6752/mach/arm/sec_lib.o
  AS      drivers/misc/mediatek/masp/mt6752/mach/arm/sec_uid.o
  AS      drivers/misc/mediatek/masp/mt6752/mach/arm/hacc_lib.o
  AS      drivers/misc/mediatek/masp/mt6752/mach/arm/hacc_export.o
  AS      drivers/misc/mediatek/masp/mt6752/mach/arm/hacc_hk.o
  AS      drivers/misc/mediatek/masp/mt6752/mach/arm/hacc_sk.o
  CC      drivers/misc/mediatek/mach/mt6752/camera_fdvt.o
  CC      drivers/misc/mediatek/mlog/mlog_dump.o
  LD      drivers/misc/mediatek/masp/sec.o
  LD      drivers/misc/mediatek/masp/built-in.o
  CC      drivers/misc/mediatek/mmc-host/mt6752/dbg.o
  CC      drivers/misc/mediatek/mlog/mlog_logger.o
  CC      drivers/misc/mediatek/mmp/dummy/mmprofile.o
  CC      drivers/misc/mediatek/mmc-host/mt6752/sd.o
  LD      drivers/misc/mediatek/mmp/dummy/built-in.o
  LD      drivers/misc/mediatek/mmp/built-in.o
  CC      drivers/misc/mediatek/mt_logger/mt_storage_logger.o
  LD      drivers/misc/mediatek/mlog/mlog.o
  LD      drivers/misc/mediatek/mlog/built-in.o
  CC      drivers/misc/mediatek/mtprof/prof_ctl.o
  CC      drivers/misc/mediatek/mtprof/prof_main.o
  CC      drivers/misc/mediatek/mtprof/bootprof.o
  LD      drivers/misc/mediatek/mt_logger/built-in.o
  CC      drivers/misc/mediatek/mmc-host/mt6752/mt_sd_misc.o
  CC      drivers/misc/mediatek/mmc-host/mt6752/sdio_autok.o
  CC      drivers/misc/mediatek/mtprof/sched_monitor.o
  CC      drivers/misc/mediatek/mtprof/monitor_debug_out.o
  CC      drivers/misc/mediatek/partition/mt6752/partition.o
  CC      drivers/misc/mediatek/mtprof/mt_prv_lock.o
  CC      drivers/misc/mediatek/partition/mt6752/efi.o
  CC      drivers/misc/mediatek/mtprof/mt_printk_ctrl.o
  CC      drivers/misc/mediatek/mach/mt6752/mt_pm_ldo.o
  LD      drivers/misc/mediatek/mtprof/mtprof.o
  LD      drivers/misc/mediatek/mtprof/built-in.o
  CC      drivers/misc/mediatek/mach/mt6752/mt_spm_mtcmos.o
  CC      drivers/misc/mediatek/mach/mt6752/mt_sleep.o
  LD      drivers/misc/mediatek/partition/mt6752/built-in.o
  LD      drivers/misc/mediatek/partition/built-in.o
  CC      drivers/misc/mediatek/mmc-host/mt6752/sdio_autok_proc.o
  CC      drivers/misc/mediatek/pmic_wrap/mt_pmic_wrap.o
  CC      drivers/misc/mediatek/mmc-host/mt6752/ettagent.o
  CC      drivers/misc/mediatek/mach/mt6752/mt_cpufreq.o
  CC      drivers/misc/mediatek/pmic_wrap/mt6752/pwrap_hal.o
  CC      drivers/misc/mediatek/mmc-host/mt6752/mt_dump.o
  LD      drivers/misc/mediatek/pmt/built-in.o
  CC      drivers/misc/mediatek/power/mt6752/pmic.o
  CC      drivers/misc/mediatek/power/mt6752/upmu_common.o
  LD      drivers/misc/mediatek/pmic_wrap/mt6752/built-in.o
  LD      drivers/misc/mediatek/pmic_wrap/built-in.o
  CC      drivers/misc/mediatek/power_gs/mt6752/mt_power_gs.o
  LD      drivers/misc/mediatek/mmc-host/mt6752/msdc.o
  LD      drivers/misc/mediatek/mmc-host/mt6752/built-in.o
  LD      drivers/misc/mediatek/mmc-host/built-in.o
  CC      drivers/misc/mediatek/power_gs/mt6752/mt_power_gs_6325_array.o
  CC      drivers/misc/mediatek/mach/mt6752/mt_cpu_ss.o
  CC      drivers/misc/mediatek/mach/mt6752/mt_gpufreq.o
  CC      drivers/misc/mediatek/power_gs/mt6752/mt_power_gs_suspend.o
  CC      drivers/misc/mediatek/mach/mt6752/mt_cpuidle.o
  LD      drivers/misc/mediatek/power_gs/mt6752/built-in.o
  LD      drivers/misc/mediatek/power_gs/built-in.o
  CC      drivers/misc/mediatek/pwm/mt_pwm.o
  AS      drivers/misc/mediatek/mach/mt6752/cpu_dormant.o
  CC      drivers/misc/mediatek/mach/mt6752/mt_idle.o
  CC      drivers/misc/mediatek/mach/mt6752/mt_dcm.o
  CC      drivers/misc/mediatek/pwm/mt6752/mt_pwm_hal.o
  CC      drivers/misc/mediatek/mach/mt6752/mt_clkmgr_common.o
  LD      drivers/misc/mediatek/pwm/mt6752/built-in.o
  LD      drivers/misc/mediatek/pwm/built-in.o
  CC      drivers/misc/mediatek/power/mt6752/pmic_auxadc.o
  CC      drivers/misc/mediatek/power/mt6752/pmic_chr_type_det.o
  CC      drivers/misc/mediatek/mach/mt6752/mt_clkmgr.o
  CC      drivers/misc/mediatek/ram_console/mtk_ram_console.o
  CC      drivers/misc/mediatek/rtc/mtk_rtc_common.o
  CC      drivers/misc/mediatek/power/mt6752/tps6128x.o
  LD      drivers/misc/mediatek/ram_console/built-in.o
  CC      drivers/misc/mediatek/mach/mt6752/mt_clkbuf_ctl.o
  CC      drivers/misc/mediatek/rtc/secclk.o
  CC      drivers/misc/mediatek/rtc/mt6752/mtk_rtc_hal.o
  CC      drivers/misc/mediatek/mach/mt6752/mt_golden_setting.o
  CC      drivers/misc/mediatek/power/mt6752/mt6311.o
  CC      drivers/misc/mediatek/sched/mt_sched.o
  CC      drivers/misc/mediatek/mach/mt6752/mt_ptp.o
  LD      drivers/misc/mediatek/rtc/mt6752/built-in.o
  LD      drivers/misc/mediatek/rtc/built-in.o
  CC      drivers/misc/mediatek/mach/mt6752/mt_ptp2.o
  CC      drivers/misc/mediatek/sched/mt_compat_sched.o
  LD      drivers/misc/mediatek/sched/built-in.o
  CC      drivers/misc/mediatek/selinux_warning/selinux_warning.o
  CC      drivers/misc/mediatek/power/mt6752/battery_meter_hal.o
  CC      drivers/misc/mediatek/mach/mt6752/cpu_hibernate.o
  CC      drivers/misc/mediatek/power/mt6752/charging_hw_external_charger.o
  LD      drivers/misc/mediatek/selinux_warning/built-in.o
  CC      drivers/misc/mediatek/smi/mt6752/smi_debug.o
  CC      drivers/misc/mediatek/mach/mt6752/swsusp.o
  CC      drivers/misc/mediatek/smi/mt6752/smi_common.o
  CC      drivers/misc/mediatek/power/mt6752/rt9536.o
  CC      drivers/misc/mediatek/mach/mt6752/muse6732_c90_l/accdet/accdet_custom.o
  LD      drivers/misc/mediatek/mach/mt6752/muse6732_c90_l/accdet/built-in.o
  CC      drivers/misc/mediatek/spm/mt6752/mt_spm.o
  CC      drivers/misc/mediatek/mach/mt6752/muse6732_c90_l/accelerometer/bma255/cust_acc.o
  CC      drivers/misc/mediatek/spm/mt6752/mt_spm_internal.o
  LD      drivers/misc/mediatek/mach/mt6752/muse6732_c90_l/accelerometer/bma255/built-in.o
  LD      drivers/misc/mediatek/mach/mt6752/muse6732_c90_l/accelerometer/built-in.o
  CC      drivers/misc/mediatek/mach/mt6752/muse6732_c90_l/alsps/rpr0521/rohm_cust_alsps.o
  LD      drivers/misc/mediatek/mach/mt6752/muse6732_c90_l/alsps/rpr0521/built-in.o
  LD      drivers/misc/mediatek/smi/mt6752/built-in.o
  CC      drivers/misc/mediatek/mach/mt6752/muse6732_c90_l/camera/camera/dummyds.o
  LD      drivers/misc/mediatek/smi/built-in.o
  LD      drivers/misc/mediatek/mach/mt6752/muse6732_c90_l/alsps/built-in.o
  CC      drivers/misc/mediatek/spm/mt6752/mt_spm_fs.o
  CC      drivers/misc/mediatek/spm/mt6752/mt_spm_sleep.o
  CC      drivers/misc/mediatek/mach/mt6752/muse6732_c90_l/camera/camera/kd_camera_hw.o
  CC      drivers/misc/mediatek/spm/mt6752/mt_spm_dpidle.o
  CC      drivers/misc/mediatek/mach/mt6752/muse6732_c90_l/core/board.o
  CC      drivers/misc/mediatek/ssw/ssw_generic_v2/sim_switch.o
  CC      drivers/misc/mediatek/spm/mt6752/mt_spm_sodi.o
  LD      drivers/misc/mediatek/mach/mt6752/muse6732_c90_l/camera/camera/built-in.o
  CC      drivers/misc/mediatek/spm/mt6752/mt_spm_mcdi.o
  LD      drivers/misc/mediatek/mach/mt6752/muse6732_c90_l/core/built-in.o
  LD      drivers/misc/mediatek/ssw/ssw_generic_v2/built-in.o
  CC      drivers/misc/mediatek/mach/mt6752/muse6732_c90_l/dct/dct/pmic_drv.o
  LD      drivers/misc/mediatek/ssw/built-in.o
  LD      drivers/misc/mediatek/mach/mt6752/muse6732_c90_l/dct/dct/built-in.o
  CC      drivers/misc/mediatek/mach/mt6752/muse6732_c90_l/keypad/mtk_kpd_bkl.o
  CC      drivers/misc/mediatek/mach/mt6752/muse6732_c90_l/leds/mt65xx/cust_leds.o
  CC      drivers/misc/mediatek/sw_tx_power/sw_tx_power_eint.o
  LD      drivers/misc/mediatek/spm/mt6752/built-in.o
  LD      drivers/misc/mediatek/spm/built-in.o
  LD      drivers/misc/mediatek/power/mt6752/built-in.o
  LD      drivers/misc/mediatek/mach/mt6752/muse6732_c90_l/keypad/built-in.o
  CC      drivers/misc/mediatek/sw_tx_power/sw_tx_power_sysfs.o
  LD      drivers/misc/mediatek/power/built-in.o
  CC      drivers/misc/mediatek/mach/mt6752/muse6732_c90_l/magnetometer/bmm050/cust_mag.o
  CC      drivers/misc/mediatek/sync/mtk_sync.o
  LD      drivers/misc/mediatek/mach/mt6752/muse6732_c90_l/leds/mt65xx/built-in.o
  LD      drivers/misc/mediatek/mach/mt6752/muse6732_c90_l/leds/built-in.o
  CC      drivers/misc/mediatek/sw_tx_power/mt6752/sw_tx_power.o
  LD      drivers/misc/mediatek/mach/mt6752/muse6732_c90_l/magnetometer/bmm050/built-in.o
  LD      drivers/misc/mediatek/mach/mt6752/muse6732_c90_l/magnetometer/built-in.o
  CC      drivers/misc/mediatek/sysenv/mt6752/sysenv.o
  CC      drivers/misc/mediatek/mach/mt6752/muse6732_c90_l/vibrator/cust_vibrator.o
  CC      drivers/misc/mediatek/systracker/systracker_interface.o
  LD      drivers/misc/mediatek/sync/built-in.o
  CC      drivers/misc/mediatek/tc1_interface/gpt/lg_partition.o
  LD      drivers/misc/mediatek/mach/mt6752/muse6732_c90_l/vibrator/built-in.o
  LD      drivers/misc/mediatek/mach/mt6752/muse6732_c90_l/built-in.o
  LD      drivers/misc/mediatek/mach/mt6752/built-in.o
  LD      drivers/misc/mediatek/sysenv/mt6752/built-in.o
  LD      drivers/misc/mediatek/sw_tx_power/mt6752/built-in.o
  LD      drivers/misc/mediatek/sysenv/built-in.o
  LD      drivers/misc/mediatek/sw_tx_power/built-in.o
  CC      drivers/misc/mediatek/thermal/mtk_cooler_shutdown.o
  CC      drivers/misc/mediatek/thermal/mtk_thermal_monitor.o
  LD      drivers/misc/mediatek/mach/built-in.o
  CC      drivers/misc/mediatek/thermal/mtk_cooler_backlight.o
  CC      drivers/misc/mediatek/systracker/mt6752/systracker_platform.o
  CC      drivers/misc/mediatek/tc1_interface/gpt/lgtest.o
  CC      drivers/misc/mediatek/thermal/mtk_cooler_kshutdown.o
  CC      drivers/misc/mediatek/thermal/mtk_cooler_cam.o
  LD      drivers/misc/mediatek/systracker/mt6752/built-in.o
  CC      drivers/misc/mediatek/systracker/backtrace32.o
  LD      drivers/misc/mediatek/tc1_interface/gpt/built-in.o
  LD      drivers/misc/mediatek/tc1_interface/built-in.o
  AS      drivers/misc/mediatek/systracker/backtrace32_asm.o
  CC      drivers/misc/mediatek/uart/uart.o
  CC      drivers/misc/mediatek/thermal/mtk_cooler_vrt.o
  CC      drivers/misc/mediatek/uart/mt6752/platform_uart.o
  LD      drivers/misc/mediatek/systracker/built-in.o
  LD      drivers/misc/mediatek/usb11/mt6752/built-in.o
  LD      drivers/misc/mediatek/usb11/built-in.o
  CC      drivers/misc/mediatek/usb20/mt6752/usb20.o
  CC      drivers/misc/mediatek/vibrator/vibrator_drv.o
  CC      drivers/misc/mediatek/thermal/mt6752/mtk_thermal_platform.o
  CC      drivers/misc/mediatek/vibrator/mt6752/vibrator.o
  CC      drivers/misc/mediatek/thermal/mt6752/mtk_ts_pa_thput.o
  LD      drivers/misc/mediatek/vibrator/mt6752/built-in.o
  LD      drivers/misc/mediatek/vibrator/built-in.o
  LD      drivers/misc/mediatek/uart/mt6752/built-in.o
  CC      drivers/misc/mediatek/usb20/mt6752/usb20_phy.o
  CC      drivers/misc/mediatek/videocodec/videocodec_kernel.o
  CC      drivers/misc/mediatek/usb20/mt6752/usb20_host.o
  LD      drivers/misc/mediatek/uart/built-in.o
  CC      drivers/misc/mediatek/videox/mt6752/mtkfb_console.o
  CC      drivers/misc/mediatek/thermal/mt6752/mtk_cooler_bcct.o
  CC      drivers/misc/mediatek/videocodec/mt6752/videocodec_kernel_driver.o
  CC      drivers/misc/mediatek/thermal/mt6752/mtk_ts_wmt.o
  LD      drivers/misc/mediatek/usb20/mt6752/built-in.o
  CC      drivers/misc/mediatek/usb20/musb_core.o
  CC      drivers/misc/mediatek/videox/mt6752/disp_assert_layer.o
  CC      drivers/misc/mediatek/videox/mt6752/mtkfb.o
  CC      drivers/misc/mediatek/videox/mt6752/mtkfb_vsync.o
  CC      drivers/misc/mediatek/usb20/musb_gadget_ep0.o
  CC      drivers/misc/mediatek/videocodec/mt6752/common/val/src/val.o
  CC      drivers/misc/mediatek/thermal/mt6752/mtk_ts_bts.o
  CC      drivers/misc/mediatek/videocodec/mt6752/common/drv/src/drv_base.o
  CC      drivers/misc/mediatek/videox/mt6752/debug.o
  CC      drivers/misc/mediatek/thermal/mt6752/mtk_ts_btsmdpa.o
  LD      drivers/misc/mediatek/videocodec/mt6752/vcodec_kernel_driver.o
  LD      drivers/misc/mediatek/videocodec/mt6752/built-in.o
  LD      drivers/misc/mediatek/videocodec/built-in.o
  CC      drivers/misc/mediatek/usb20/musb_gadget.o
  CC      drivers/misc/mediatek/videox/mt6752/primary_display.o
  CC      drivers/misc/mediatek/videox/mt6752/disp_lcm.o
  CC      drivers/misc/mediatek/thermal/mt6752/mtk_ts_cpu.o
  CC      drivers/misc/mediatek/videox/mt6752/disp_utils.o
  CC      drivers/misc/mediatek/videox/mt6752/mtkfb_fence.o
  CC      drivers/misc/mediatek/videox/mt6752/mtk_disp_mgr.o
  CC      drivers/misc/mediatek/videox/mt6752/mtk_mira.o
  CC      drivers/misc/mediatek/videox/mt6752/mtk_ovl.o
  CC      drivers/misc/mediatek/videox/mt6752/fbconfig_kdebug_k2.o
  CC      drivers/misc/mediatek/usb20/musb_virthub.o
  CC      drivers/misc/mediatek/thermal/mt6752/mtk_ts_abb.o
  CC      drivers/misc/mediatek/thermal/mt6752/mtk_ts_all_ts.o
  CC      drivers/misc/mediatek/usb20/musb_host.o
  CC      drivers/misc/mediatek/usb20/musbhsdma.o
  CC      drivers/misc/mediatek/thermal/mt6752/mtk_ts_pa.o
  CC      drivers/misc/mediatek/thermal/mt6752/mtk_ts_battery.o
  CC      drivers/misc/mediatek/thermal/mt6752/mtk_ts_pmic.o
  CC      drivers/misc/mediatek/thermal/mt6752/mtk_ts_6311buck.o
  LD      drivers/misc/mediatek/videox/mt6752/built-in.o
  LD      drivers/misc/mediatek/videox/built-in.o
  CC      drivers/misc/mediatek/watchpoint/mt6752/aarch32/hw_watchpoint_aarch32.o
  CC      drivers/misc/mediatek/wdk/wd_common_drv.o
  CC      drivers/misc/mediatek/wdk/wd_api.o
  LD      drivers/misc/mediatek/thermal/mt6752/built-in.o
  LD      drivers/misc/mediatek/thermal/built-in.o
  CC      drivers/misc/mediatek/watchpoint/mt6752/aarch32/mt_dbg_aarch32.o
  CC      drivers/misc/mediatek/wdt/mt6752/mtk_wdt.o
  CC      drivers/misc/mediatek/xlog/xlog_filter.o
  LD      drivers/misc/mediatek/wdk/built-in.o
  CC      drivers/misc/mediatek/xlog/xlog_printk.o
  LD      drivers/misc/mediatek/watchpoint/mt6752/aarch32/built-in.o
  LD      drivers/misc/mediatek/watchpoint/mt6752/built-in.o
  LD      drivers/misc/mediatek/watchpoint/built-in.o
  CC      drivers/misc/mediatek/xlog/xlog_logger.o
  LD      drivers/misc/mediatek/wdt/mt6752/built-in.o
  LD      drivers/misc/mediatek/wdt/built-in.o
  LD      drivers/misc/mediatek/usb20/musb_hdrc.o
  LD      drivers/misc/mediatek/xlog/xlog.o
  LD      drivers/misc/mediatek/xlog/built-in.o
  LD      drivers/misc/mediatek/usb20/built-in.o
  LD      drivers/misc/mediatek/built-in.o
  LD      drivers/misc/built-in.o
  LD      drivers/built-in.o
  LINK    vmlinux
  LD      vmlinux.o
  MODPOST vmlinux.o
  GEN     .version
  CHK     include/generated/compile.h
  UPD     include/generated/compile.h
  CC      init/version.o
  LD      init/built-in.o
/home/nik-kst/Android/lge/lgh522y/Makefile:839: ошибка выполнения рецепта для цели «vmlinux»
Makefile:130: ошибка выполнения рецепта для цели «sub-make»
